8-Puzzle Search Trace Log
=========================

The best state to expand is:
g(n) = 0, h(n) = 12, f(n) = 12
[1, 6, 7]
[5, 0, 3]
[4, 8, 2]

The best state to expand is:
g(n) = 1, h(n) = 11, f(n) = 12
[1, 0, 7]
[5, 6, 3]
[4, 8, 2]

The best state to expand is:
g(n) = 1, h(n) = 11, f(n) = 12
[1, 6, 7]
[0, 5, 3]
[4, 8, 2]

The best state to expand is:
g(n) = 2, h(n) = 10, f(n) = 12
[1, 7, 0]
[5, 6, 3]
[4, 8, 2]

The best state to expand is:
g(n) = 2, h(n) = 10, f(n) = 12
[1, 6, 7]
[4, 5, 3]
[0, 8, 2]

The best state to expand is:
g(n) = 3, h(n) = 9, f(n) = 12
[1, 7, 3]
[5, 6, 0]
[4, 8, 2]

The best state to expand is:
g(n) = 4, h(n) = 8, f(n) = 12
[1, 7, 3]
[5, 6, 2]
[4, 8, 0]

The best state to expand is:
g(n) = 4, h(n) = 8, f(n) = 12
[1, 7, 3]
[5, 0, 6]
[4, 8, 2]

The best state to expand is:
g(n) = 5, h(n) = 7, f(n) = 12
[1, 0, 3]
[5, 7, 6]
[4, 8, 2]

The best state to expand is:
g(n) = 5, h(n) = 7, f(n) = 12
[1, 7, 3]
[0, 5, 6]
[4, 8, 2]

The best state to expand is:
g(n) = 6, h(n) = 6, f(n) = 12
[1, 7, 3]
[4, 5, 6]
[0, 8, 2]

The best state to expand is:
g(n) = 1, h(n) = 13, f(n) = 14
[1, 6, 7]
[5, 8, 3]
[4, 0, 2]

The best state to expand is:
g(n) = 1, h(n) = 13, f(n) = 14
[1, 6, 7]
[5, 3, 0]
[4, 8, 2]

The best state to expand is:
g(n) = 2, h(n) = 12, f(n) = 14
[0, 1, 7]
[5, 6, 3]
[4, 8, 2]

The best state to expand is:
g(n) = 2, h(n) = 12, f(n) = 14
[0, 6, 7]
[1, 5, 3]
[4, 8, 2]

The best state to expand is:
g(n) = 3, h(n) = 11, f(n) = 14
[1, 6, 7]
[4, 5, 3]
[8, 0, 2]

The best state to expand is:
g(n) = 5, h(n) = 9, f(n) = 14
[1, 7, 3]
[5, 6, 2]
[4, 0, 8]

The best state to expand is:
g(n) = 5, h(n) = 9, f(n) = 14
[1, 7, 3]
[5, 8, 6]
[4, 0, 2]

The best state to expand is:
g(n) = 6, h(n) = 8, f(n) = 14
[0, 1, 3]
[5, 7, 6]
[4, 8, 2]

The best state to expand is:
g(n) = 6, h(n) = 8, f(n) = 14
[1, 3, 0]
[5, 7, 6]
[4, 8, 2]

The best state to expand is:
g(n) = 6, h(n) = 8, f(n) = 14
[0, 7, 3]
[1, 5, 6]
[4, 8, 2]

The best state to expand is:
g(n) = 7, h(n) = 7, f(n) = 14
[1, 7, 3]
[4, 5, 6]
[8, 0, 2]

The best state to expand is:
g(n) = 2, h(n) = 12, f(n) = 14
[1, 6, 7]
[5, 8, 3]
[4, 2, 0]

The best state to expand is:
g(n) = 2, h(n) = 12, f(n) = 14
[1, 6, 0]
[5, 3, 7]
[4, 8, 2]

The best state to expand is:
g(n) = 2, h(n) = 12, f(n) = 14
[1, 6, 7]
[5, 3, 2]
[4, 8, 0]

The best state to expand is:
g(n) = 4, h(n) = 10, f(n) = 14
[1, 6, 7]
[4, 5, 3]
[8, 2, 0]

The best state to expand is:
g(n) = 6, h(n) = 8, f(n) = 14
[1, 7, 3]
[5, 8, 6]
[4, 2, 0]

The best state to expand is:
g(n) = 7, h(n) = 7, f(n) = 14
[7, 0, 3]
[1, 5, 6]
[4, 8, 2]

The best state to expand is:
g(n) = 8, h(n) = 6, f(n) = 14
[1, 7, 3]
[4, 5, 6]
[8, 2, 0]

The best state to expand is:
g(n) = 3, h(n) = 11, f(n) = 14
[1, 0, 6]
[5, 3, 7]
[4, 8, 2]

The best state to expand is:
g(n) = 4, h(n) = 10, f(n) = 14
[1, 3, 6]
[5, 0, 7]
[4, 8, 2]

The best state to expand is:
g(n) = 5, h(n) = 9, f(n) = 14
[1, 3, 6]
[0, 5, 7]
[4, 8, 2]

The best state to expand is:
g(n) = 6, h(n) = 8, f(n) = 14
[1, 3, 6]
[4, 5, 7]
[0, 8, 2]

The best state to expand is:
g(n) = 2, h(n) = 14, f(n) = 16
[1, 6, 7]
[5, 8, 3]
[0, 4, 2]

The best state to expand is:
g(n) = 3, h(n) = 13, f(n) = 16
[5, 1, 7]
[0, 6, 3]
[4, 8, 2]

The best state to expand is:
g(n) = 3, h(n) = 13, f(n) = 16
[6, 0, 7]
[1, 5, 3]
[4, 8, 2]

The best state to expand is:
g(n) = 4, h(n) = 12, f(n) = 16
[1, 6, 7]
[4, 0, 3]
[8, 5, 2]

The best state to expand is:
g(n) = 6, h(n) = 10, f(n) = 16
[1, 7, 3]
[5, 0, 2]
[4, 6, 8]

The best state to expand is:
g(n) = 6, h(n) = 10, f(n) = 16
[1, 7, 3]
[5, 6, 2]
[0, 4, 8]

The best state to expand is:
g(n) = 6, h(n) = 10, f(n) = 16
[1, 7, 3]
[5, 8, 6]
[0, 4, 2]

The best state to expand is:
g(n) = 7, h(n) = 9, f(n) = 16
[5, 1, 3]
[0, 7, 6]
[4, 8, 2]

The best state to expand is:
g(n) = 7, h(n) = 9, f(n) = 16
[1, 3, 6]
[5, 7, 0]
[4, 8, 2]

The best state to expand is:
g(n) = 8, h(n) = 8, f(n) = 16
[1, 7, 3]
[4, 0, 6]
[8, 5, 2]

The best state to expand is:
g(n) = 3, h(n) = 13, f(n) = 16
[1, 6, 7]
[5, 8, 0]
[4, 2, 3]

The best state to expand is:
g(n) = 3, h(n) = 13, f(n) = 16
[1, 6, 7]
[5, 3, 2]
[4, 0, 8]

The best state to expand is:
g(n) = 5, h(n) = 11, f(n) = 16
[1, 6, 7]
[4, 5, 0]
[8, 2, 3]

The best state to expand is:
g(n) = 7, h(n) = 9, f(n) = 16
[1, 7, 3]
[5, 8, 0]
[4, 2, 6]

The best state to expand is:
g(n) = 8, h(n) = 8, f(n) = 16
[7, 5, 3]
[1, 0, 6]
[4, 8, 2]

The best state to expand is:
g(n) = 8, h(n) = 8, f(n) = 16
[7, 3, 0]
[1, 5, 6]
[4, 8, 2]

The best state to expand is:
g(n) = 9, h(n) = 7, f(n) = 16
[1, 7, 3]
[4, 5, 0]
[8, 2, 6]

The best state to expand is:
g(n) = 4, h(n) = 12, f(n) = 16
[0, 1, 6]
[5, 3, 7]
[4, 8, 2]

The best state to expand is:
g(n) = 5, h(n) = 11, f(n) = 16
[1, 3, 6]
[5, 8, 7]
[4, 0, 2]

The best state to expand is:
g(n) = 6, h(n) = 10, f(n) = 16
[0, 3, 6]
[1, 5, 7]
[4, 8, 2]

The best state to expand is:
g(n) = 7, h(n) = 9, f(n) = 16
[1, 3, 6]
[4, 5, 7]
[8, 0, 2]

The best state to expand is:
g(n) = 4, h(n) = 12, f(n) = 16
[5, 1, 7]
[4, 6, 3]
[0, 8, 2]

The best state to expand is:
g(n) = 4, h(n) = 12, f(n) = 16
[6, 7, 0]
[1, 5, 3]
[4, 8, 2]

The best state to expand is:
g(n) = 5, h(n) = 11, f(n) = 16
[1, 0, 7]
[4, 6, 3]
[8, 5, 2]

The best state to expand is:
g(n) = 7, h(n) = 9, f(n) = 16
[1, 0, 3]
[5, 7, 2]
[4, 6, 8]

The best state to expand is:
g(n) = 7, h(n) = 9, f(n) = 16
[1, 7, 3]
[0, 5, 2]
[4, 6, 8]

The best state to expand is:
g(n) = 7, h(n) = 9, f(n) = 16
[1, 7, 3]
[5, 2, 0]
[4, 6, 8]

The best state to expand is:
g(n) = 8, h(n) = 8, f(n) = 16
[5, 1, 3]
[4, 7, 6]
[0, 8, 2]

The best state to expand is:
g(n) = 8, h(n) = 8, f(n) = 16
[5, 1, 3]
[7, 0, 6]
[4, 8, 2]

The best state to expand is:
g(n) = 8, h(n) = 8, f(n) = 16
[1, 3, 6]
[5, 7, 2]
[4, 8, 0]

The best state to expand is:
g(n) = 9, h(n) = 7, f(n) = 16
[1, 0, 3]
[4, 7, 6]
[8, 5, 2]

The best state to expand is:
g(n) = 4, h(n) = 12, f(n) = 16
[1, 6, 0]
[5, 8, 7]
[4, 2, 3]

The best state to expand is:
g(n) = 6, h(n) = 10, f(n) = 16
[1, 6, 0]
[4, 5, 7]
[8, 2, 3]

The best state to expand is:
g(n) = 6, h(n) = 10, f(n) = 16
[1, 3, 6]
[5, 8, 7]
[4, 2, 0]

The best state to expand is:
g(n) = 8, h(n) = 8, f(n) = 16
[1, 3, 6]
[4, 5, 7]
[8, 2, 0]

The best state to expand is:
g(n) = 5, h(n) = 11, f(n) = 16
[6, 7, 3]
[1, 5, 0]
[4, 8, 2]

The best state to expand is:
g(n) = 6, h(n) = 10, f(n) = 16
[1, 7, 0]
[4, 6, 3]
[8, 5, 2]

The best state to expand is:
g(n) = 8, h(n) = 8, f(n) = 16
[1, 7, 3]
[4, 5, 2]
[0, 6, 8]

The best state to expand is:
g(n) = 5, h(n) = 11, f(n) = 16
[1, 0, 6]
[5, 8, 7]
[4, 2, 3]

The best state to expand is:
g(n) = 7, h(n) = 9, f(n) = 16
[1, 0, 6]
[4, 5, 7]
[8, 2, 3]

The best state to expand is:
g(n) = 7, h(n) = 9, f(n) = 16
[1, 3, 6]
[5, 8, 0]
[4, 2, 7]

The best state to expand is:
g(n) = 9, h(n) = 7, f(n) = 16
[1, 3, 6]
[4, 5, 0]
[8, 2, 7]

The best state to expand is:
g(n) = 6, h(n) = 10, f(n) = 16
[6, 7, 3]
[1, 5, 2]
[4, 8, 0]

The best state to expand is:
g(n) = 8, h(n) = 8, f(n) = 16
[1, 3, 0]
[5, 8, 6]
[4, 2, 7]

The best state to expand is:
g(n) = 10, h(n) = 6, f(n) = 16
[1, 3, 0]
[4, 5, 6]
[8, 2, 7]

The best state to expand is:
g(n) = 9, h(n) = 7, f(n) = 16
[1, 0, 3]
[5, 8, 6]
[4, 2, 7]

The best state to expand is:
g(n) = 11, h(n) = 5, f(n) = 16
[1, 0, 3]
[4, 5, 6]
[8, 2, 7]

The best state to expand is:
g(n) = 3, h(n) = 15, f(n) = 18
[1, 6, 7]
[0, 8, 3]
[5, 4, 2]

The best state to expand is:
g(n) = 4, h(n) = 14, f(n) = 18
[5, 1, 7]
[6, 0, 3]
[4, 8, 2]

The best state to expand is:
g(n) = 4, h(n) = 14, f(n) = 18
[6, 5, 7]
[1, 0, 3]
[4, 8, 2]

The best state to expand is:
g(n) = 5, h(n) = 13, f(n) = 18
[1, 6, 7]
[0, 4, 3]
[8, 5, 2]

The best state to expand is:
g(n) = 5, h(n) = 13, f(n) = 18
[1, 6, 7]
[4, 3, 0]
[8, 5, 2]

The best state to expand is:
g(n) = 7, h(n) = 11, f(n) = 18
[1, 7, 3]
[0, 6, 2]
[5, 4, 8]

The best state to expand is:
g(n) = 7, h(n) = 11, f(n) = 18
[1, 7, 3]
[0, 8, 6]
[5, 4, 2]

The best state to expand is:
g(n) = 9, h(n) = 9, f(n) = 18
[1, 7, 3]
[0, 4, 6]
[8, 5, 2]

The best state to expand is:
g(n) = 9, h(n) = 9, f(n) = 18
[1, 7, 3]
[4, 6, 0]
[8, 5, 2]

The best state to expand is:
g(n) = 4, h(n) = 14, f(n) = 18
[1, 6, 7]
[5, 0, 8]
[4, 2, 3]

The best state to expand is:
g(n) = 4, h(n) = 14, f(n) = 18
[1, 6, 7]
[5, 0, 2]
[4, 3, 8]

The best state to expand is:
g(n) = 4, h(n) = 14, f(n) = 18
[1, 6, 7]
[5, 3, 2]
[0, 4, 8]

The best state to expand is:
g(n) = 6, h(n) = 12, f(n) = 18
[1, 6, 7]
[4, 0, 5]
[8, 2, 3]

The best state to expand is:
g(n) = 8, h(n) = 10, f(n) = 18
[1, 7, 0]
[5, 8, 3]
[4, 2, 6]

The best state to expand is:
g(n) = 8, h(n) = 10, f(n) = 18
[1, 7, 3]
[5, 0, 8]
[4, 2, 6]

The best state to expand is:
g(n) = 9, h(n) = 9, f(n) = 18
[7, 5, 3]
[1, 8, 6]
[4, 0, 2]

The best state to expand is:
g(n) = 9, h(n) = 9, f(n) = 18
[7, 5, 3]
[0, 1, 6]
[4, 8, 2]

The best state to expand is:
g(n) = 9, h(n) = 9, f(n) = 18
[7, 5, 3]
[1, 6, 0]
[4, 8, 2]

The best state to expand is:
g(n) = 9, h(n) = 9, f(n) = 18
[7, 3, 6]
[1, 5, 0]
[4, 8, 2]

The best state to expand is:
g(n) = 10, h(n) = 8, f(n) = 18
[1, 7, 0]
[4, 5, 3]
[8, 2, 6]

The best state to expand is:
g(n) = 10, h(n) = 8, f(n) = 18
[1, 7, 3]
[4, 0, 5]
[8, 2, 6]

The best state to expand is:
g(n) = 5, h(n) = 13, f(n) = 18
[5, 1, 6]
[0, 3, 7]
[4, 8, 2]

The best state to expand is:
g(n) = 6, h(n) = 12, f(n) = 18
[1, 3, 6]
[5, 8, 7]
[0, 4, 2]

The best state to expand is:
g(n) = 7, h(n) = 11, f(n) = 18
[3, 0, 6]
[1, 5, 7]
[4, 8, 2]

The best state to expand is:
g(n) = 8, h(n) = 10, f(n) = 18
[1, 3, 6]
[4, 0, 7]
[8, 5, 2]

The best state to expand is:
g(n) = 5, h(n) = 13, f(n) = 18
[5, 1, 7]
[4, 6, 3]
[8, 0, 2]

The best state to expand is:
g(n) = 6, h(n) = 12, f(n) = 18
[0, 1, 7]
[4, 6, 3]
[8, 5, 2]

The best state to expand is:
g(n) = 8, h(n) = 10, f(n) = 18
[0, 1, 3]
[5, 7, 2]
[4, 6, 8]

The best state to expand is:
g(n) = 8, h(n) = 10, f(n) = 18
[1, 3, 0]
[5, 7, 2]
[4, 6, 8]

The best state to expand is:
g(n) = 8, h(n) = 10, f(n) = 18
[0, 7, 3]
[1, 5, 2]
[4, 6, 8]

The best state to expand is:
g(n) = 8, h(n) = 10, f(n) = 18
[1, 7, 0]
[5, 2, 3]
[4, 6, 8]

The best state to expand is:
g(n) = 8, h(n) = 10, f(n) = 18
[1, 7, 3]
[5, 2, 8]
[4, 6, 0]

The best state to expand is:
g(n) = 9, h(n) = 9, f(n) = 18
[5, 1, 3]
[4, 7, 6]
[8, 0, 2]

The best state to expand is:
g(n) = 9, h(n) = 9, f(n) = 18
[5, 0, 3]
[7, 1, 6]
[4, 8, 2]

The best state to expand is:
g(n) = 9, h(n) = 9, f(n) = 18
[5, 1, 3]
[7, 8, 6]
[4, 0, 2]

The best state to expand is:
g(n) = 9, h(n) = 9, f(n) = 18
[5, 1, 3]
[7, 6, 0]
[4, 8, 2]

The best state to expand is:
g(n) = 9, h(n) = 9, f(n) = 18
[1, 3, 6]
[5, 7, 2]
[4, 0, 8]

The best state to expand is:
g(n) = 10, h(n) = 8, f(n) = 18
[0, 1, 3]
[4, 7, 6]
[8, 5, 2]

The best state to expand is:
g(n) = 10, h(n) = 8, f(n) = 18
[1, 3, 0]
[4, 7, 6]
[8, 5, 2]

The best state to expand is:
g(n) = 6, h(n) = 12, f(n) = 18
[6, 7, 3]
[1, 0, 5]
[4, 8, 2]

The best state to expand is:
g(n) = 9, h(n) = 9, f(n) = 18
[1, 7, 3]
[4, 5, 2]
[6, 0, 8]

The best state to expand is:
g(n) = 6, h(n) = 12, f(n) = 18
[1, 8, 6]
[5, 0, 7]
[4, 2, 3]

The best state to expand is:
g(n) = 6, h(n) = 12, f(n) = 18
[0, 1, 6]
[5, 8, 7]
[4, 2, 3]

The best state to expand is:
g(n) = 8, h(n) = 10, f(n) = 18
[1, 5, 6]
[4, 0, 7]
[8, 2, 3]

The best state to expand is:
g(n) = 8, h(n) = 10, f(n) = 18
[0, 1, 6]
[4, 5, 7]
[8, 2, 3]

The best state to expand is:
g(n) = 8, h(n) = 10, f(n) = 18
[1, 3, 6]
[5, 0, 8]
[4, 2, 7]

The best state to expand is:
g(n) = 10, h(n) = 8, f(n) = 18
[1, 3, 6]
[4, 0, 5]
[8, 2, 7]

The best state to expand is:
g(n) = 7, h(n) = 11, f(n) = 18
[6, 7, 3]
[1, 5, 2]
[4, 0, 8]

The best state to expand is:
g(n) = 10, h(n) = 8, f(n) = 18
[1, 8, 3]
[5, 0, 6]
[4, 2, 7]

The best state to expand is:
g(n) = 10, h(n) = 8, f(n) = 18
[0, 1, 3]
[5, 8, 6]
[4, 2, 7]

The best state to expand is:
g(n) = 12, h(n) = 6, f(n) = 18
[1, 5, 3]
[4, 0, 6]
[8, 2, 7]

The best state to expand is:
g(n) = 12, h(n) = 6, f(n) = 18
[0, 1, 3]
[4, 5, 6]
[8, 2, 7]

The best state to expand is:
g(n) = 6, h(n) = 12, f(n) = 18
[1, 6, 0]
[4, 3, 7]
[8, 5, 2]

The best state to expand is:
g(n) = 6, h(n) = 12, f(n) = 18
[1, 6, 7]
[4, 3, 2]
[8, 5, 0]

The best state to expand is:
g(n) = 10, h(n) = 8, f(n) = 18
[1, 7, 3]
[4, 6, 2]
[8, 5, 0]

The best state to expand is:
g(n) = 5, h(n) = 13, f(n) = 18
[1, 0, 7]
[5, 6, 8]
[4, 2, 3]

The best state to expand is:
g(n) = 5, h(n) = 13, f(n) = 18
[1, 6, 7]
[5, 2, 8]
[4, 0, 3]

The best state to expand is:
g(n) = 5, h(n) = 13, f(n) = 18
[1, 6, 7]
[0, 5, 8]
[4, 2, 3]

The best state to expand is:
g(n) = 5, h(n) = 13, f(n) = 18
[1, 0, 7]
[5, 6, 2]
[4, 3, 8]

The best state to expand is:
g(n) = 5, h(n) = 13, f(n) = 18
[1, 6, 7]
[0, 5, 2]
[4, 3, 8]

The best state to expand is:
g(n) = 5, h(n) = 13, f(n) = 18
[1, 6, 7]
[5, 2, 0]
[4, 3, 8]

The best state to expand is:
g(n) = 7, h(n) = 11, f(n) = 18
[1, 0, 7]
[4, 6, 5]
[8, 2, 3]

The best state to expand is:
g(n) = 7, h(n) = 11, f(n) = 18
[1, 6, 7]
[4, 2, 5]
[8, 0, 3]

The best state to expand is:
g(n) = 9, h(n) = 9, f(n) = 18
[1, 0, 3]
[5, 7, 8]
[4, 2, 6]

The best state to expand is:
g(n) = 9, h(n) = 9, f(n) = 18
[1, 7, 3]
[5, 2, 8]
[4, 0, 6]

The best state to expand is:
g(n) = 9, h(n) = 9, f(n) = 18
[1, 7, 3]
[0, 5, 8]
[4, 2, 6]

The best state to expand is:
g(n) = 10, h(n) = 8, f(n) = 18
[7, 5, 3]
[1, 8, 6]
[4, 2, 0]

The best state to expand is:
g(n) = 10, h(n) = 8, f(n) = 18
[0, 5, 3]
[7, 1, 6]
[4, 8, 2]

The best state to expand is:
g(n) = 10, h(n) = 8, f(n) = 18
[7, 5, 3]
[4, 1, 6]
[0, 8, 2]

The best state to expand is:
g(n) = 10, h(n) = 8, f(n) = 18
[7, 5, 3]
[1, 6, 2]
[4, 8, 0]

The best state to expand is:
g(n) = 10, h(n) = 8, f(n) = 18
[7, 3, 6]
[1, 5, 2]
[4, 8, 0]

The best state to expand is:
g(n) = 11, h(n) = 7, f(n) = 18
[1, 0, 3]
[4, 7, 5]
[8, 2, 6]

The best state to expand is:
g(n) = 11, h(n) = 7, f(n) = 18
[1, 7, 3]
[4, 2, 5]
[8, 0, 6]

The best state to expand is:
g(n) = 6, h(n) = 12, f(n) = 18
[5, 1, 6]
[4, 3, 7]
[0, 8, 2]

The best state to expand is:
g(n) = 9, h(n) = 9, f(n) = 18
[1, 3, 6]
[4, 7, 0]
[8, 5, 2]

The best state to expand is:
g(n) = 6, h(n) = 12, f(n) = 18
[5, 1, 7]
[4, 6, 3]
[8, 2, 0]

The best state to expand is:
g(n) = 9, h(n) = 9, f(n) = 18
[1, 3, 2]
[5, 7, 0]
[4, 6, 8]

The best state to expand is:
g(n) = 9, h(n) = 9, f(n) = 18
[7, 0, 3]
[1, 5, 2]
[4, 6, 8]

The best state to expand is:
g(n) = 10, h(n) = 8, f(n) = 18
[5, 1, 3]
[4, 0, 6]
[8, 7, 2]

The best state to expand is:
g(n) = 10, h(n) = 8, f(n) = 18
[5, 1, 3]
[4, 7, 6]
[8, 2, 0]

The best state to expand is:
g(n) = 10, h(n) = 8, f(n) = 18
[5, 1, 3]
[7, 8, 6]
[4, 2, 0]

The best state to expand is:
g(n) = 10, h(n) = 8, f(n) = 18
[5, 1, 3]
[7, 6, 2]
[4, 8, 0]

The best state to expand is:
g(n) = 10, h(n) = 8, f(n) = 18
[1, 3, 6]
[5, 0, 2]
[4, 7, 8]

The best state to expand is:
g(n) = 7, h(n) = 11, f(n) = 18
[6, 0, 3]
[1, 7, 5]
[4, 8, 2]

The best state to expand is:
g(n) = 10, h(n) = 8, f(n) = 18
[1, 7, 3]
[4, 5, 2]
[6, 8, 0]

The best state to expand is:
g(n) = 7, h(n) = 11, f(n) = 18
[1, 8, 6]
[5, 2, 7]
[4, 0, 3]

The best state to expand is:
g(n) = 7, h(n) = 11, f(n) = 18
[1, 8, 6]
[0, 5, 7]
[4, 2, 3]

The best state to expand is:
g(n) = 7, h(n) = 11, f(n) = 18
[1, 8, 6]
[5, 7, 0]
[4, 2, 3]

The best state to expand is:
g(n) = 9, h(n) = 9, f(n) = 18
[1, 5, 6]
[4, 2, 7]
[8, 0, 3]

The best state to expand is:
g(n) = 9, h(n) = 9, f(n) = 18
[1, 5, 6]
[4, 7, 0]
[8, 2, 3]

The best state to expand is:
g(n) = 9, h(n) = 9, f(n) = 18
[1, 3, 6]
[5, 2, 8]
[4, 0, 7]

The best state to expand is:
g(n) = 9, h(n) = 9, f(n) = 18
[1, 3, 6]
[0, 5, 8]
[4, 2, 7]

The best state to expand is:
g(n) = 11, h(n) = 7, f(n) = 18
[1, 3, 6]
[4, 2, 5]
[8, 0, 7]

The best state to expand is:
g(n) = 11, h(n) = 7, f(n) = 18
[1, 8, 3]
[5, 2, 6]
[4, 0, 7]

The best state to expand is:
g(n) = 11, h(n) = 7, f(n) = 18
[1, 8, 3]
[0, 5, 6]
[4, 2, 7]

The best state to expand is:
g(n) = 13, h(n) = 5, f(n) = 18
[1, 5, 3]
[4, 2, 6]
[8, 0, 7]

The best state to expand is:
g(n) = 6, h(n) = 12, f(n) = 18
[1, 7, 0]
[5, 6, 8]
[4, 2, 3]

The best state to expand is:
g(n) = 6, h(n) = 12, f(n) = 18
[1, 6, 7]
[4, 5, 8]
[0, 2, 3]

The best state to expand is:
g(n) = 6, h(n) = 12, f(n) = 18
[1, 7, 0]
[5, 6, 2]
[4, 3, 8]

The best state to expand is:
g(n) = 6, h(n) = 12, f(n) = 18
[1, 6, 7]
[4, 5, 2]
[0, 3, 8]

The best state to expand is:
g(n) = 6, h(n) = 12, f(n) = 18
[1, 6, 0]
[5, 2, 7]
[4, 3, 8]

The best state to expand is:
g(n) = 8, h(n) = 10, f(n) = 18
[1, 7, 0]
[4, 6, 5]
[8, 2, 3]

The best state to expand is:
g(n) = 8, h(n) = 10, f(n) = 18
[1, 6, 7]
[4, 2, 5]
[0, 8, 3]

The best state to expand is:
g(n) = 10, h(n) = 8, f(n) = 18
[1, 7, 3]
[4, 5, 8]
[0, 2, 6]

The best state to expand is:
g(n) = 12, h(n) = 6, f(n) = 18
[1, 7, 3]
[4, 2, 5]
[0, 8, 6]

The best state to expand is:
g(n) = 10, h(n) = 8, f(n) = 18
[1, 3, 6]
[4, 7, 2]
[8, 5, 0]

The best state to expand is:
g(n) = 11, h(n) = 7, f(n) = 18
[1, 3, 6]
[0, 5, 2]
[4, 7, 8]

The best state to expand is:
g(n) = 11, h(n) = 7, f(n) = 18
[1, 3, 6]
[5, 2, 0]
[4, 7, 8]

The best state to expand is:
g(n) = 8, h(n) = 10, f(n) = 18
[0, 6, 3]
[1, 7, 5]
[4, 8, 2]

The best state to expand is:
g(n) = 8, h(n) = 10, f(n) = 18
[1, 8, 6]
[4, 5, 7]
[0, 2, 3]

The best state to expand is:
g(n) = 8, h(n) = 10, f(n) = 18
[1, 8, 0]
[5, 7, 6]
[4, 2, 3]

The best state to expand is:
g(n) = 8, h(n) = 10, f(n) = 18
[1, 8, 6]
[5, 7, 3]
[4, 2, 0]

The best state to expand is:
g(n) = 10, h(n) = 8, f(n) = 18
[1, 5, 6]
[4, 2, 7]
[0, 8, 3]

The best state to expand is:
g(n) = 10, h(n) = 8, f(n) = 18
[1, 5, 0]
[4, 7, 6]
[8, 2, 3]

The best state to expand is:
g(n) = 10, h(n) = 8, f(n) = 18
[1, 5, 6]
[4, 7, 3]
[8, 2, 0]

The best state to expand is:
g(n) = 10, h(n) = 8, f(n) = 18
[1, 3, 6]
[5, 2, 8]
[4, 7, 0]

The best state to expand is:
g(n) = 10, h(n) = 8, f(n) = 18
[1, 3, 6]
[4, 5, 8]
[0, 2, 7]

The best state to expand is:
g(n) = 12, h(n) = 6, f(n) = 18
[1, 3, 6]
[4, 2, 5]
[0, 8, 7]

The best state to expand is:
g(n) = 12, h(n) = 6, f(n) = 18
[1, 3, 6]
[4, 2, 5]
[8, 7, 0]

The best state to expand is:
g(n) = 12, h(n) = 6, f(n) = 18
[1, 8, 3]
[5, 2, 6]
[4, 7, 0]

The best state to expand is:
g(n) = 12, h(n) = 6, f(n) = 18
[1, 8, 3]
[4, 5, 6]
[0, 2, 7]

The best state to expand is:
g(n) = 14, h(n) = 4, f(n) = 18
[1, 5, 3]
[4, 2, 6]
[0, 8, 7]

The best state to expand is:
g(n) = 14, h(n) = 4, f(n) = 18
[1, 5, 3]
[4, 2, 6]
[8, 7, 0]

The best state to expand is:
g(n) = 7, h(n) = 11, f(n) = 18
[1, 7, 2]
[5, 6, 0]
[4, 3, 8]

The best state to expand is:
g(n) = 7, h(n) = 11, f(n) = 18
[1, 0, 6]
[5, 2, 7]
[4, 3, 8]

The best state to expand is:
g(n) = 12, h(n) = 6, f(n) = 18
[1, 3, 6]
[4, 5, 2]
[0, 7, 8]

The best state to expand is:
g(n) = 12, h(n) = 6, f(n) = 18
[1, 3, 0]
[5, 2, 6]
[4, 7, 8]

The best state to expand is:
g(n) = 9, h(n) = 9, f(n) = 18
[1, 6, 3]
[0, 7, 5]
[4, 8, 2]

The best state to expand is:
g(n) = 8, h(n) = 10, f(n) = 18
[1, 7, 2]
[5, 0, 6]
[4, 3, 8]

The best state to expand is:
g(n) = 8, h(n) = 10, f(n) = 18
[1, 2, 6]
[5, 0, 7]
[4, 3, 8]

The best state to expand is:
g(n) = 13, h(n) = 5, f(n) = 18
[1, 3, 6]
[4, 5, 2]
[7, 0, 8]

The best state to expand is:
g(n) = 13, h(n) = 5, f(n) = 18
[1, 0, 3]
[5, 2, 6]
[4, 7, 8]

The best state to expand is:
g(n) = 10, h(n) = 8, f(n) = 18
[1, 6, 3]
[4, 7, 5]
[0, 8, 2]

The best state to expand is:
g(n) = 10, h(n) = 8, f(n) = 18
[1, 6, 3]
[7, 0, 5]
[4, 8, 2]

The best state to expand is:
g(n) = 9, h(n) = 9, f(n) = 18
[1, 0, 2]
[5, 7, 6]
[4, 3, 8]

The best state to expand is:
g(n) = 9, h(n) = 9, f(n) = 18
[1, 7, 2]
[5, 3, 6]
[4, 0, 8]

The best state to expand is:
g(n) = 9, h(n) = 9, f(n) = 18
[1, 7, 2]
[0, 5, 6]
[4, 3, 8]

The best state to expand is:
g(n) = 9, h(n) = 9, f(n) = 18
[1, 2, 6]
[5, 3, 7]
[4, 0, 8]

The best state to expand is:
g(n) = 9, h(n) = 9, f(n) = 18
[1, 2, 6]
[0, 5, 7]
[4, 3, 8]

The best state to expand is:
g(n) = 9, h(n) = 9, f(n) = 18
[1, 2, 6]
[5, 7, 0]
[4, 3, 8]

The best state to expand is:
g(n) = 14, h(n) = 4, f(n) = 18
[1, 3, 6]
[4, 5, 2]
[7, 8, 0]

The best state to expand is:
g(n) = 14, h(n) = 4, f(n) = 18
[1, 2, 3]
[5, 0, 6]
[4, 7, 8]

The best state to expand is:
g(n) = 11, h(n) = 7, f(n) = 18
[1, 0, 3]
[7, 6, 5]
[4, 8, 2]

The best state to expand is:
g(n) = 11, h(n) = 7, f(n) = 18
[1, 6, 3]
[7, 5, 0]
[4, 8, 2]

The best state to expand is:
g(n) = 10, h(n) = 8, f(n) = 18
[1, 2, 0]
[5, 7, 6]
[4, 3, 8]

The best state to expand is:
g(n) = 10, h(n) = 8, f(n) = 18
[1, 7, 2]
[5, 3, 6]
[4, 8, 0]

The best state to expand is:
g(n) = 10, h(n) = 8, f(n) = 18
[1, 7, 2]
[4, 5, 6]
[0, 3, 8]

The best state to expand is:
g(n) = 10, h(n) = 8, f(n) = 18
[1, 2, 6]
[5, 3, 7]
[4, 8, 0]

The best state to expand is:
g(n) = 10, h(n) = 8, f(n) = 18
[1, 2, 6]
[4, 5, 7]
[0, 3, 8]

The best state to expand is:
g(n) = 15, h(n) = 3, f(n) = 18
[1, 2, 3]
[0, 5, 6]
[4, 7, 8]

The best state to expand is:
g(n) = 12, h(n) = 6, f(n) = 18
[1, 6, 3]
[7, 5, 2]
[4, 8, 0]

The best state to expand is:
g(n) = 11, h(n) = 7, f(n) = 18
[1, 2, 6]
[5, 3, 0]
[4, 8, 7]

The best state to expand is:
g(n) = 16, h(n) = 2, f(n) = 18
[1, 2, 3]
[4, 5, 6]
[0, 7, 8]

The best state to expand is:
g(n) = 12, h(n) = 6, f(n) = 18
[1, 2, 0]
[5, 3, 6]
[4, 8, 7]

The best state to expand is:
g(n) = 12, h(n) = 6, f(n) = 18
[1, 2, 6]
[5, 0, 3]
[4, 8, 7]

The best state to expand is:
g(n) = 17, h(n) = 1, f(n) = 18
[1, 2, 3]
[4, 5, 6]
[7, 0, 8]

The best state to expand is:
g(n) = 13, h(n) = 5, f(n) = 18
[1, 2, 6]
[0, 5, 3]
[4, 8, 7]

The best state to expand is:
g(n) = 18, h(n) = 0, f(n) = 18
[1, 2, 3]
[4, 5, 6]
[7, 8, 0]

===================================================
Goal state found.
===================================================

Solution path:
Step 0: g(n) = 0, h(n) = 12
[1, 6, 7]
[5, 0, 3]
[4, 8, 2]

Step 1: g(n) = 1, h(n) = 11
[1, 0, 7]
[5, 6, 3]
[4, 8, 2]

Step 2: g(n) = 2, h(n) = 10
[1, 7, 0]
[5, 6, 3]
[4, 8, 2]

Step 3: g(n) = 3, h(n) = 9
[1, 7, 3]
[5, 6, 0]
[4, 8, 2]

Step 4: g(n) = 4, h(n) = 8
[1, 7, 3]
[5, 0, 6]
[4, 8, 2]

Step 5: g(n) = 5, h(n) = 7
[1, 0, 3]
[5, 7, 6]
[4, 8, 2]

Step 6: g(n) = 6, h(n) = 8
[1, 3, 0]
[5, 7, 6]
[4, 8, 2]

Step 7: g(n) = 7, h(n) = 9
[1, 3, 6]
[5, 7, 0]
[4, 8, 2]

Step 8: g(n) = 8, h(n) = 8
[1, 3, 6]
[5, 7, 2]
[4, 8, 0]

Step 9: g(n) = 9, h(n) = 9
[1, 3, 6]
[5, 7, 2]
[4, 0, 8]

Step 10: g(n) = 10, h(n) = 8
[1, 3, 6]
[5, 0, 2]
[4, 7, 8]

Step 11: g(n) = 11, h(n) = 7
[1, 3, 6]
[5, 2, 0]
[4, 7, 8]

Step 12: g(n) = 12, h(n) = 6
[1, 3, 0]
[5, 2, 6]
[4, 7, 8]

Step 13: g(n) = 13, h(n) = 5
[1, 0, 3]
[5, 2, 6]
[4, 7, 8]

Step 14: g(n) = 14, h(n) = 4
[1, 2, 3]
[5, 0, 6]
[4, 7, 8]

Step 15: g(n) = 15, h(n) = 3
[1, 2, 3]
[0, 5, 6]
[4, 7, 8]

Step 16: g(n) = 16, h(n) = 2
[1, 2, 3]
[4, 5, 6]
[0, 7, 8]

Step 17: g(n) = 17, h(n) = 1
[1, 2, 3]
[4, 5, 6]
[7, 0, 8]

Step 18: g(n) = 18, h(n) = 0
[1, 2, 3]
[4, 5, 6]
[7, 8, 0]

